<?xml version="1.0" encoding="UTF-8"?>
<testsuite name="nl.ecbp.dare2date.Registration.CalculatorWsApplicationTests" time="6.421" tests="1" errors="1" skipped="0" failures="0">
  <properties>
[...]
</properties>
  <testcase name="testSendingHolidayRequest" classname="nl.ecbp.dare2date.Registration.CalculatorWsApplicationTests" time="6.421">
    <error message="unexpected element (uri:&quot;http://www.han.nl/calculator&quot;, local:&quot;CalculateRequest&quot;). Expected elements are &lt;{http://www.han.nl/registration}RegistrationDataRequest&gt;" type="org.springframework.ws.soap.client.SoapFaultClientException"><![CDATA[org.springframework.ws.soap.client.SoapFaultClientException: unexpected element (uri:"http://www.han.nl/calculator", local:"CalculateRequest"). Expected elements are <{http://www.han.nl/registration}RegistrationDataRequest>
	at org.springframework.ws.soap.client.core.SoapFaultMessageResolver.resolveFault(SoapFaultMessageResolver.java:38)
	at org.springframework.ws.client.core.WebServiceTemplate.handleFault(WebServiceTemplate.java:826)
	at org.springframework.ws.client.core.WebServiceTemplate.doSendAndReceive(WebServiceTemplate.java:621)
	at org.springframework.ws.client.core.WebServiceTemplate.sendAndReceive(WebServiceTemplate.java:555)
	at org.springframework.ws.client.core.WebServiceTemplate.doSendAndReceive(WebServiceTemplate.java:506)
	at org.springframework.ws.client.core.WebServiceTemplate.sendSourceAndReceiveToResult(WebServiceTemplate.java:446)
	at org.springframework.ws.client.core.WebServiceTemplate.sendSourceAndReceiveToResult(WebServiceTemplate.java:436)
	at org.springframework.ws.client.core.WebServiceTemplate.sendSourceAndReceiveToResult(WebServiceTemplate.java:424)
	at nl.ecbp.dare2date.Registration.CalculatorWsApplicationTests.testSendingHolidayRequest(CalculatorWsApplicationTests.java:74)
]]></error>
    <system-out>15:09:27.624 [main] DEBUG o.s.t.c.j.SpringJUnit4ClassRunner - SpringJUnit4ClassRunner constructor called with [class nl.ecbp.dare2date.Registration.CalculatorWsApplicationTests].
15:09:27.684 [main] DEBUG o.s.test.context.ContextLoaderUtils - Found explicit ContextLoader class [org.springframework.boot.test.SpringApplicationContextLoader] for context configuration attributes [ContextConfigurationAttributes@1ee9989 declaringClass = 'nl.ecbp.dare2date.Registration.CalculatorWsApplicationTests', locations = '{}', classes = '{class nl.ecbp.dare2date.Registration.CalculatorWsApplication}', inheritLocations = true, initializers = '{}', inheritInitializers = true, name = [null], contextLoaderClass = 'org.springframework.boot.test.SpringApplicationContextLoader']
15:09:27.696 [main] DEBUG o.s.test.context.ContextLoaderUtils - Could not find an 'annotation declaring class' for annotation type [org.springframework.test.context.ActiveProfiles] and class [nl.ecbp.dare2date.Registration.CalculatorWsApplicationTests]
15:09:27.714 [main] DEBUG o.s.t.annotation.ProfileValueUtils - Retrieved @ProfileValueSourceConfiguration [null] for test class [nl.ecbp.dare2date.Registration.CalculatorWsApplicationTests]
15:09:27.715 [main] DEBUG o.s.t.annotation.ProfileValueUtils - Retrieved ProfileValueSource type [class org.springframework.test.annotation.SystemProfileValueSource] for class [nl.ecbp.dare2date.Registration.CalculatorWsApplicationTests]
15:09:27.716 [main] DEBUG o.s.t.annotation.ProfileValueUtils - Retrieved @ProfileValueSourceConfiguration [null] for test class [nl.ecbp.dare2date.Registration.CalculatorWsApplicationTests]
15:09:27.716 [main] DEBUG o.s.t.annotation.ProfileValueUtils - Retrieved ProfileValueSource type [class org.springframework.test.annotation.SystemProfileValueSource] for class [nl.ecbp.dare2date.Registration.CalculatorWsApplicationTests]
15:09:27.720 [main] DEBUG o.s.t.annotation.ProfileValueUtils - Retrieved @ProfileValueSourceConfiguration [null] for test class [nl.ecbp.dare2date.Registration.CalculatorWsApplicationTests]
15:09:27.720 [main] DEBUG o.s.t.annotation.ProfileValueUtils - Retrieved ProfileValueSource type [class org.springframework.test.annotation.SystemProfileValueSource] for class [nl.ecbp.dare2date.Registration.CalculatorWsApplicationTests]
15:09:27.744 [main] INFO  o.s.w.s.saaj.SaajSoapMessageFactory - Creating SAAJ 1.3 MessageFactory with SOAP 1.1 Protocol
15:09:27.752 [main] DEBUG o.s.w.s.saaj.SaajSoapMessageFactory - Using MessageFactory class [com.sun.xml.internal.messaging.saaj.soap.ver1_1.SOAPMessageFactory1_1Impl]
15:09:27.758 [main] DEBUG o.s.t.c.s.DependencyInjectionTestExecutionListener - Performing dependency injection for test context [[DefaultTestContext@32c52b testClass = CalculatorWsApplicationTests, testInstance = nl.ecbp.dare2date.Registration.CalculatorWsApplicationTests@77ab81, testMethod = [null], testException = [null], mergedContextConfiguration = [WebMergedContextConfiguration@5fd85d testClass = CalculatorWsApplicationTests, locations = '{}', classes = '{class nl.ecbp.dare2date.Registration.CalculatorWsApplication}', contextInitializerClasses = '[]', activeProfiles = '{}', resourceBasePath = 'src/main/webapp', contextLoader = 'org.springframework.boot.test.SpringApplicationContextLoader', parent = [null]]]].
15:09:27.841 [main] DEBUG o.s.core.env.StandardEnvironment - Adding [systemProperties] PropertySource with lowest search precedence
15:09:27.844 [main] DEBUG o.s.core.env.StandardEnvironment - Adding [systemEnvironment] PropertySource with lowest search precedence
15:09:27.844 [main] DEBUG o.s.core.env.StandardEnvironment - Initialized StandardEnvironment with PropertySources [systemProperties,systemEnvironment]
15:09:27.847 [main] DEBUG o.s.w.c.s.StandardServletEnvironment - Adding [servletConfigInitParams] PropertySource with lowest search precedence
15:09:27.847 [main] DEBUG o.s.w.c.s.StandardServletEnvironment - Adding [servletContextInitParams] PropertySource with lowest search precedence
15:09:27.855 [main] DEBUG o.s.w.c.s.StandardServletEnvironment - Adding [jndiProperties] PropertySource with lowest search precedence
15:09:27.855 [main] DEBUG o.s.w.c.s.StandardServletEnvironment - Adding [systemProperties] PropertySource with lowest search precedence
15:09:27.855 [main] DEBUG o.s.w.c.s.StandardServletEnvironment - Adding [systemEnvironment] PropertySource with lowest search precedence
15:09:27.855 [main] DEBUG o.s.w.c.s.StandardServletEnvironment - Initialized StandardServletEnvironment with PropertySources [servletConfigInitParams,servletContextInitParams,jndiProperties,systemProperties,systemEnvironment]
15:09:27.855 [main] DEBUG o.s.w.c.s.StandardServletEnvironment - Adding [integrationTest] PropertySource with search precedence immediately lower than [systemEnvironment]

  .   ____          _            __ _ _
 /\\ / ___'_ __ _ _(_)_ __  __ _ \ \ \ \
( ( )\___ | '_ | '_| | '_ \/ _` | \ \ \ \
 \\/  ___)| |_)| | | | | || (_| |  ) ) ) )
  '  |____| .__|_| |_|_| |_\__, | / / / /
 =========|_|==============|___/=/_/_/_/
 :: Spring Boot ::        (v1.1.4.RELEASE)

2014-12-09 15:09:28.263  INFO 5052 --- [           main] o.a.maven.surefire.booter.ForkedBooter   : Starting ForkedBooter v2.15 on Eric-PC with PID 5052 (C:\Users\Eric\.m2\repository\org\apache\maven\surefire\surefire-booter\2.15\surefire-booter-2.15.jar started by Eric in C:\Users\Eric\javaworkspace\Dare2DateRegistration)
2014-12-09 15:09:28.296  INFO 5052 --- [           main] ationConfigEmbeddedWebApplicationContext : Refreshing org.springframework.boot.context.embedded.AnnotationConfigEmbeddedWebApplicationContext@5b4bdc: startup date [Tue Dec 09 15:09:28 CET 2014]; root of context hierarchy
2014-12-09 15:09:28.808  INFO 5052 --- [           main] o.s.b.f.s.DefaultListableBeanFactory     : Overriding bean definition for bean 'beanNameViewResolver': replacing [Root bean: class [null]; scope=; abstract=false; lazyInit=false; autowireMode=3; dependencyCheck=0; autowireCandidate=true; primary=false; factoryBeanName=org.springframework.boot.autoconfigure.web.ErrorMvcAutoConfiguration$WhitelabelErrorViewConfiguration; factoryMethodName=beanNameViewResolver; initMethodName=null; destroyMethodName=(inferred); defined in class path resource [org/springframework/boot/autoconfigure/web/ErrorMvcAutoConfiguration$WhitelabelErrorViewConfiguration.class]] with [Root bean: class [null]; scope=; abstract=false; lazyInit=false; autowireMode=3; dependencyCheck=0; autowireCandidate=true; primary=false; factoryBeanName=org.springframework.boot.autoconfigure.web.WebMvcAutoConfiguration$WebMvcAutoConfigurationAdapter; factoryMethodName=beanNameViewResolver; initMethodName=null; destroyMethodName=(inferred); defined in class path resource [org/springframework/boot/autoconfigure/web/WebMvcAutoConfiguration$WebMvcAutoConfigurationAdapter.class]]
2014-12-09 15:09:29.398  INFO 5052 --- [           main] trationDelegate$BeanPostProcessorChecker : Bean 'webServiceConfig' of type [class nl.ecbp.dare2date.Registration.WebServiceConfig$$EnhancerBySpringCGLIB$$d47ff414] is not eligible for getting processed by all BeanPostProcessors (for example: not eligible for auto-proxying)
2014-12-09 15:09:29.407  INFO 5052 --- [           main] trationDelegate$BeanPostProcessorChecker : Bean 'org.springframework.ws.config.annotation.DelegatingWsConfiguration' of type [class org.springframework.ws.config.annotation.DelegatingWsConfiguration$$EnhancerBySpringCGLIB$$69467986] is not eligible for getting processed by all BeanPostProcessors (for example: not eligible for auto-proxying)
2014-12-09 15:09:29.458  INFO 5052 --- [           main] .w.s.a.s.AnnotationActionEndpointMapping : Supporting [WS-Addressing August 2004, WS-Addressing 1.0]
2014-12-09 15:09:29.555  INFO 5052 --- [           main] trationDelegate$BeanPostProcessorChecker : Bean 'org.springframework.transaction.annotation.ProxyTransactionManagementConfiguration' of type [class org.springframework.transaction.annotation.ProxyTransactionManagementConfiguration$$EnhancerBySpringCGLIB$$3da118c7] is not eligible for getting processed by all BeanPostProcessors (for example: not eligible for auto-proxying)
2014-12-09 15:09:29.570  INFO 5052 --- [           main] trationDelegate$BeanPostProcessorChecker : Bean 'transactionAttributeSource' of type [class org.springframework.transaction.annotation.AnnotationTransactionAttributeSource] is not eligible for getting processed by all BeanPostProcessors (for example: not eligible for auto-proxying)
2014-12-09 15:09:29.582  INFO 5052 --- [           main] trationDelegate$BeanPostProcessorChecker : Bean 'transactionInterceptor' of type [class org.springframework.transaction.interceptor.TransactionInterceptor] is not eligible for getting processed by all BeanPostProcessors (for example: not eligible for auto-proxying)
2014-12-09 15:09:29.588  INFO 5052 --- [           main] trationDelegate$BeanPostProcessorChecker : Bean 'org.springframework.transaction.config.internalTransactionAdvisor' of type [class org.springframework.transaction.interceptor.BeanFactoryTransactionAttributeSourceAdvisor] is not eligible for getting processed by all BeanPostProcessors (for example: not eligible for auto-proxying)
2014-12-09 15:09:30.134  INFO 5052 --- [           main] .t.TomcatEmbeddedServletContainerFactory : Server initialized with port: 0
2014-12-09 15:09:30.299  INFO 5052 --- [           main] o.apache.catalina.core.StandardService   : Starting service Tomcat
2014-12-09 15:09:30.300  INFO 5052 --- [           main] org.apache.catalina.core.StandardEngine  : Starting Servlet Engine: Apache Tomcat/7.0.54
2014-12-09 15:09:30.428  INFO 5052 --- [ost-startStop-1] o.a.c.c.C.[Tomcat].[localhost].[/]       : Initializing Spring embedded WebApplicationContext
2014-12-09 15:09:30.429  INFO 5052 --- [ost-startStop-1] o.s.web.context.ContextLoader            : Root WebApplicationContext: initialization completed in 2137 ms
2014-12-09 15:09:30.980  INFO 5052 --- [ost-startStop-1] o.s.b.c.e.ServletRegistrationBean        : Mapping servlet: 'messageDispatcherServlet' to [/ws/*]
2014-12-09 15:09:30.983  INFO 5052 --- [ost-startStop-1] o.s.b.c.embedded.FilterRegistrationBean  : Mapping filter: 'hiddenHttpMethodFilter' to: [/*]
2014-12-09 15:09:31.393  INFO 5052 --- [           main] j.LocalContainerEntityManagerFactoryBean : Building JPA container EntityManagerFactory for persistence unit 'default'
2014-12-09 15:09:31.405  INFO 5052 --- [           main] o.hibernate.jpa.internal.util.LogHelper  : HHH000204: Processing PersistenceUnitInfo [
	name: default
	...]
2014-12-09 15:09:31.501  INFO 5052 --- [           main] org.hibernate.Version                    : HHH000412: Hibernate Core {4.3.5.Final}
2014-12-09 15:09:31.503  INFO 5052 --- [           main] org.hibernate.cfg.Environment            : HHH000206: hibernate.properties not found
2014-12-09 15:09:31.505  INFO 5052 --- [           main] org.hibernate.cfg.Environment            : HHH000021: Bytecode provider name : javassist
2014-12-09 15:09:31.727  INFO 5052 --- [           main] o.hibernate.annotations.common.Version   : HCANN000001: Hibernate Commons Annotations {4.0.4.Final}
2014-12-09 15:09:31.999  INFO 5052 --- [           main] org.hibernate.dialect.Dialect            : HHH000400: Using dialect: org.hibernate.dialect.MySQLDialect
2014-12-09 15:09:32.136  INFO 5052 --- [           main] o.h.h.i.ast.ASTQueryTranslatorFactory    : HHH000397: Using ASTQueryTranslatorFactory
2014-12-09 15:09:32.310  INFO 5052 --- [           main] org.hibernate.tuple.PojoInstantiator     : HHH000182: No default (no-argument) constructor for class: nl.ecbp.dare2date.Registration.entity.Calculation (class must be instantiated by Interceptor)
2014-12-09 15:09:32.435  INFO 5052 --- [           main] org.hibernate.tool.hbm2ddl.SchemaExport  : HHH000227: Running hbm2ddl schema export
2014-12-09 15:09:32.441  INFO 5052 --- [           main] org.hibernate.tool.hbm2ddl.SchemaExport  : HHH000230: Schema export complete
2014-12-09 15:09:32.970  INFO 5052 --- [           main] o.s.w.s.handler.SimpleUrlHandlerMapping  : Mapped URL path [/**/favicon.ico] onto handler of type [class org.springframework.web.servlet.resource.ResourceHttpRequestHandler]
2014-12-09 15:09:33.165  INFO 5052 --- [           main] s.w.s.m.m.a.RequestMappingHandlerMapping : Mapped "{[/error],methods=[],params=[],headers=[],consumes=[],produces=[],custom=[]}" onto public org.springframework.http.ResponseEntity&lt;java.util.Map&lt;java.lang.String, java.lang.Object&gt;&gt; org.springframework.boot.autoconfigure.web.BasicErrorController.error(javax.servlet.http.HttpServletRequest)
2014-12-09 15:09:33.166  INFO 5052 --- [           main] s.w.s.m.m.a.RequestMappingHandlerMapping : Mapped "{[/error],methods=[],params=[],headers=[],consumes=[],produces=[text/html],custom=[]}" onto public org.springframework.web.servlet.ModelAndView org.springframework.boot.autoconfigure.web.BasicErrorController.errorHtml(javax.servlet.http.HttpServletRequest)
2014-12-09 15:09:33.182  INFO 5052 --- [           main] o.s.w.s.handler.SimpleUrlHandlerMapping  : Mapped URL path [/webjars/**] onto handler of type [class org.springframework.web.servlet.resource.ResourceHttpRequestHandler]
2014-12-09 15:09:33.182  INFO 5052 --- [           main] o.s.w.s.handler.SimpleUrlHandlerMapping  : Mapped URL path [/**] onto handler of type [class org.springframework.web.servlet.resource.ResourceHttpRequestHandler]
2014-12-09 15:09:33.717  INFO 5052 --- [           main] s.b.c.e.t.TomcatEmbeddedServletContainer : Tomcat started on port(s): 52161/http
2014-12-09 15:09:33.720  INFO 5052 --- [           main] o.a.maven.surefire.booter.ForkedBooter   : Started ForkedBooter in 5.852 seconds (JVM running for 6.492)
2014-12-09 15:09:33.999  INFO 5052 --- [o-auto-1-exec-1] o.a.c.c.C.[Tomcat].[localhost].[/]       : Initializing Spring FrameworkServlet 'messageDispatcherServlet'
2014-12-09 15:09:34.000  INFO 5052 --- [o-auto-1-exec-1] o.s.w.t.http.MessageDispatcherServlet    : FrameworkServlet 'messageDispatcherServlet': initialization started
2014-12-09 15:09:34.002  INFO 5052 --- [o-auto-1-exec-1] o.s.ws.soap.saaj.SaajSoapMessageFactory  : Creating SAAJ 1.3 MessageFactory with SOAP 1.1 Protocol
2014-12-09 15:09:34.009  INFO 5052 --- [o-auto-1-exec-1] o.s.w.t.http.MessageDispatcherServlet    : FrameworkServlet 'messageDispatcherServlet': initialization completed in 9 ms
</system-out>
  </testcase>
</testsuite>